Admin.cpp:7: error: invalid use of undefined type ‘struct Admin’
Host.h:6: error: forward declaration of ‘struct Admin’
Admin.cpp: In member function ‘void Admin::inicializarTodo()’:
Admin.cpp:11: error: ‘m_iMatrizOriginal’ was not declared in this scope
Admin.cpp:12: error: ‘m_iCantRouters’ was not declared in this scope
Admin.cpp:13: error: ‘crearRouters’ was not declared in this scope
Admin.cpp:14: error: ‘crearGrafo’ was not declared in this scope
Admin.cpp:15: error: ‘actualizarMatriz’ was not declared in this scope
Admin.cpp: At global scope:
Admin.cpp:18: error: invalid use of undefined type ‘struct Admin’
Host.h:6: error: forward declaration of ‘struct Admin’
Admin.cpp: In member function ‘void Admin::crearRouters(LectorArchivoTexto)’:
Admin.cpp:20: error: ‘m_iCantRouters’ was not declared in this scope
Admin.cpp:23: error: ‘m_aRefRouters’ was not declared in this scope
Admin.cpp:24: error: ‘m_aDestRouters’ was not declared in this scope
Admin.cpp: At global scope:
Admin.cpp:28: error: invalid use of undefined type ‘struct Admin’
Host.h:6: error: forward declaration of ‘struct Admin’
Admin.cpp: In member function ‘void Admin::crearGrafo(LectorArchivoTexto)’:
Admin.cpp:30: error: ‘m_iCantRouters’ was not declared in this scope
Admin.cpp:37: error: ‘m_aRefRouters’ was not declared in this scope
Admin.cpp:43: error: ‘m_aRefRouters’ was not declared in this scope
Admin.cpp: At global scope:
Admin.cpp:48: error: invalid use of undefined type ‘struct Admin’
Host.h:6: error: forward declaration of ‘struct Admin’
Admin.cpp: In member function ‘void Admin::actualizarMatriz()’:
Admin.cpp:50: error: ‘m_iCantRouters’ was not declared in this scope
Admin.cpp:57: error: ‘m_iMatrizOriginal’ was not declared in this scope
Admin.cpp:58: error: ‘m_aRefRouters’ was not declared in this scope
Admin.cpp:60: error: ‘m_dMatrizActualizada’ was not declared in this scope
Admin.cpp:64: error: ‘m_dMatrizActualizada’ was not declared in this scope
Admin.cpp:64: error: ‘PROPIO_ROUTER’ was not declared in this scope
Admin.cpp: At global scope:
Admin.cpp:70: error: invalid use of undefined type ‘struct Admin’
Host.h:6: error: forward declaration of ‘struct Admin’
Admin.cpp: In member function ‘void Admin::dijkstra(int)’:
Admin.cpp:72: error: ‘>>’ should be ‘> >’ within a nested template argument list
Admin.cpp:76: error: ‘m_iCantRouters’ was not declared in this scope
Admin.cpp:82: error: ‘adDistMinimas’ was not declared in this scope
Admin.cpp:82: error: ‘INF’ was not declared in this scope
Admin.cpp:83: error: ‘aiNextHop’ was not declared in this scope
Admin.cpp:83: error: ‘PROPIO_ROUTER’ was not declared in this scope
Admin.cpp:84: error: ‘abListo’ was not declared in this scope
Admin.cpp:87: error: ‘adDistMinimas’ was not declared in this scope
Admin.cpp:97: error: ‘abListo’ was not declared in this scope
Admin.cpp:105: error: ‘m_dMatrizActualizada’ was not declared in this scope
Admin.cpp:114: error: ‘aiNextHop’ was not declared in this scope
Admin.cpp:123: error: aggregate ‘Tabla tabla’ has incomplete type and cannot be defined
Admin.cpp:126: error: ‘aiNextHop’ was not declared in this scope
Admin.cpp:126: error: ‘PROPIO_ROUTER’ was not declared in this scope
Admin.cpp:128: error: ‘m_aRefRouters’ was not declared in this scope
Admin.cpp:132: error: ‘m_aRefRouters’ was not declared in this scope
Admin.cpp:138: error: ‘m_aRefRouters’ was not declared in this scope
Admin.cpp:139: error: ‘m_iMatrizOriginal’ was not declared in this scope
Admin.cpp:143: error: ‘m_aRefRouters’ was not declared in this scope
Admin.cpp: At global scope:
Admin.cpp:147: error: invalid use of undefined type ‘struct Admin’
Host.h:6: error: forward declaration of ‘struct Admin’
Admin.cpp: In member function ‘Router* Admin::getRouterPorDestino(int)’:
Admin.cpp:149: error: ‘m_aRefRouters’ was not declared in this scope
Admin.cpp: At global scope:
Admin.cpp:152: error: invalid use of undefined type ‘struct Admin’
Host.h:6: error: forward declaration of ‘struct Admin’
Admin.cpp: In member function ‘int Admin::getDestinoPorRouter(Router*)’:
Admin.cpp:154: error: ‘m_aDestRouters’ was not declared in this scope
Admin.cpp: At global scope:
Admin.cpp:157: error: invalid use of undefined type ‘struct Admin’
Host.h:6: error: forward declaration of ‘struct Admin’
Admin.cpp: In member function ‘int Admin::getCantRouters()’:
Admin.cpp:159: error: ‘m_iCantRouters’ was not declared in this scope
Admin.cpp: At global scope:
Admin.cpp:162: error: invalid use of undefined type ‘struct Admin’
Host.h:6: error: forward declaration of ‘struct Admin’
Admin.cpp: In member function ‘void Admin::start(int)’:
Admin.cpp:164: error: ‘inicializarTodo’ was not declared in this scope
Admin.cpp:166: error: ‘m_iCantRouters’ was not declared in this scope
Admin.cpp:168: error: ‘m_aRefRouters’ was not declared in this scope
Admin.cpp:169: error: ‘struct std::_List_iterator<Host*>’ has no member named ‘end’
Admin.cpp:178: error: ‘actualizarMatriz’ was not declared in this scope
Admin.cpp:179: error: ‘m_iCantRouters’ was not declared in this scope
Admin.cpp:181: error: ‘dijkstra’ was not declared in this scope
Admin.cpp:184: error: ‘CICLOS_ACTUALIZACION’ was not declared in this scope
Admin.cpp:186: error: ‘m_iCantRouters’ was not declared in this scope
Admin.cpp:188: error: ‘m_aRefRouters’ was not declared in this scope
Buffer.cpp:7: error: ‘template<class C> class Buffer’ used without template parameters
Buffer.cpp:7: error: variable or field ‘insert’ declared void
Buffer.cpp:7: error: ‘C’ was not declared in this scope
Buffer.cpp:8: error: expected ‘,’ or ‘;’ before ‘{’ token
Buffer.cpp:13: error: ‘template<class C> class Buffer’ used without template parameters
Buffer.cpp: In function ‘void sort()’:
Buffer.cpp:15: error: ‘m_aLista’ was not declared in this scope
Buffer.cpp: At global scope:
Buffer.cpp:18: error: ‘template<class C> class Buffer’ used without template parameters
Buffer.cpp: In function ‘bool empty()’:
Buffer.cpp:20: error: ‘m_aList’ was not declared in this scope
Buffer.cpp: At global scope:
Buffer.cpp:23: error: ‘C’ does not name a type
Host.cpp: In member function ‘IP Host::generarDestino()’:
Host.cpp:7: error: invalid use of undefined type ‘struct Admin’
Host.h:6: error: forward declaration of ‘struct Admin’
Host.cpp:12: error: invalid use of undefined type ‘struct Admin’
Host.h:6: error: forward declaration of ‘struct Admin’
Host.cpp: In constructor ‘Host::Host(int, int, Admin*)’:
Host.cpp:39: error: no matching function for call to ‘std::basic_ofstream<char, std::char_traits<char> >::open(std::string&)’
/usr/lib/gcc/i486-linux-gnu/4.1.2/../../../../include/c++/4.1.2/fstream:626: note: candidates are: void std::basic_ofstream<_CharT, _Traits>::open(const char*, std::_Ios_Openmode) [with _CharT = char, _Traits = std::char_traits<char>]
Host.cpp:43: error: invalid use of undefined type ‘struct Admin’
Host.h:6: error: forward declaration of ‘struct Admin’
LectorArchivoTexto.cpp:85: error: invalid use of template-name ‘Matriz’ without an argument list
Main.cpp: In function ‘int main()’:
Main.cpp:10: error: aggregate ‘Admin admin’ has incomplete type and cannot be defined
Matriz.cpp:5: error: ‘template<class N> class Matriz’ used without template parameters
Matriz.cpp:5: error: ISO C++ forbids declaration of ‘Matriz’ with no type
Matriz.cpp: In function ‘int Matriz()’:
Matriz.cpp:5: error: ‘int Matriz()’ redeclared as different kind of symbol
Matriz.h:7: error: previous declaration of ‘template<class N> class Matriz’
Matriz.cpp:7: error: expected primary-expression before ‘;’ token
Matriz.cpp:9: error: expected primary-expression before ‘;’ token
Matriz.cpp:11: error: ‘m_aiMatriz’ was not declared in this scope
Matriz.cpp:11: error: ‘VALOR_INICIAL’ was not declared in this scope
Matriz.cpp: At global scope:
Matriz.cpp:16: error: ‘template<class N> class Matriz’ used without template parameters
Matriz.cpp:16: error: ‘N’ has not been declared
Matriz.cpp: In function ‘void setElemento(int, int, int)’:
Matriz.cpp:18: error: ‘m_aiMatriz’ was not declared in this scope
Matriz.cpp: At global scope:
Matriz.cpp:21: error: ‘N’ does not name a type
Matriz.cpp:26: error: ‘template<class N> class Matriz’ used without template parameters
Matriz.cpp: In function ‘void printMatriz(int)’:
Matriz.cpp:30: error: ‘cout’ was not declared in this scope
Matriz.cpp:30: error: ‘m_aiMatriz’ was not declared in this scope
Matriz.cpp:33: error: ‘cout’ was not declared in this scope
Router.cpp: In member function ‘bool Router::isVecino(Router*)’:
Router.cpp:8: error: ‘>>’ should be ‘> >’ within a nested template argument list
Router.cpp: In member function ‘Router* Router::elegirInterfaz(Paquete)’:
Router.cpp:48: error: invalid use of undefined type ‘struct Tabla’
Router.h:10: error: forward declaration of ‘struct Tabla’
Router.cpp:48: error: ‘class IP’ has no member named ‘getPrimerOct’
Router.cpp:53: error: invalid use of undefined type ‘struct Tabla’
Router.h:10: error: forward declaration of ‘struct Tabla’
Router.cpp: In constructor ‘Router::Router(int)’:
Router.cpp:72: error: invalid operands of types ‘const char*’ and ‘const char [5]’ to binary ‘operator+’
Router.cpp:73: error: no matching function for call to ‘std::basic_ofstream<char, std::char_traits<char> >::open(std::string&)’
/usr/lib/gcc/i486-linux-gnu/4.1.2/../../../../include/c++/4.1.2/fstream:626: note: candidates are: void std::basic_ofstream<_CharT, _Traits>::open(const char*, std::_Ios_Openmode) [with _CharT = char, _Traits = std::char_traits<char>]
Router.cpp: In member function ‘void Router::setTabla(Tabla)’:
Router.cpp:81: error: ‘tabla’ has incomplete type
Router.h:10: error: forward declaration of ‘struct Tabla’
Router.cpp:86: error: invalid use of undefined type ‘struct Tabla’
Router.h:10: error: forward declaration of ‘struct Tabla’
Router.cpp: In member function ‘void Router::enviar()’:
Router.cpp:146: error: ‘>>’ should be ‘> >’ within a nested template argument list
Router.cpp:154: error: invalid use of undefined type ‘struct Tabla’
Router.h:10: error: forward declaration of ‘struct Tabla’
Router.cpp:157: error: invalid use of undefined type ‘struct Tabla’
Router.h:10: error: forward declaration of ‘struct Tabla’
Router.cpp:169: error: ‘>>’ should be ‘> >’ within a nested template argument list
Tabla.cpp:7: error: invalid use of undefined type ‘struct Tabla’
Router.h:10: error: forward declaration of ‘struct Tabla’
Tabla.cpp: In member function ‘void Tabla::crearEntradaDestinos(int, Router*)’:
Tabla.cpp:9: error: ‘m_aMapaDestinos’ was not declared in this scope
Tabla.cpp: At global scope:
Tabla.cpp:12: error: invalid use of undefined type ‘struct Tabla’
Router.h:10: error: forward declaration of ‘struct Tabla’
Tabla.cpp: In member function ‘Router* Tabla::getNextHop(int)’:
Tabla.cpp:14: error: ‘m_aMapaDestinos’ was not declared in this scope
Tabla.cpp: At global scope:
Tabla.cpp:17: error: invalid use of undefined type ‘struct Tabla’
Router.h:10: error: forward declaration of ‘struct Tabla’
Tabla.cpp: In member function ‘void Tabla::crearEntradaCarga(Router*, int)’:
Tabla.cpp:19: error: ‘m_aMapaCarga’ was not declared in this scope
Tabla.cpp: At global scope:
Tabla.cpp:22: error: invalid use of undefined type ‘struct Tabla’
Router.h:10: error: forward declaration of ‘struct Tabla’
Tabla.cpp: In member function ‘int Tabla::getCarga(Router*)’:
Tabla.cpp:24: error: ‘m_aMapaCarga’ was not declared in this scope
Tabla.cpp: At global scope:
Tabla.cpp:27: error: invalid use of undefined type ‘struct Tabla’
Router.h:10: error: forward declaration of ‘struct Tabla’
Tabla.cpp: In member function ‘void Tabla::crearEntradaBandWidth(Router*, int)’:
Tabla.cpp:29: error: ‘m_aMapaBandWidth’ was not declared in this scope
Tabla.cpp: At global scope:
Tabla.cpp:32: error: invalid use of undefined type ‘struct Tabla’
Router.h:10: error: forward declaration of ‘struct Tabla’
Tabla.cpp: In member function ‘int Tabla::getBW(Router*)’:
Tabla.cpp:34: error: ‘m_aMapaBandWidth’ was not declared in this scope
Tabla.cpp: At global scope:
Tabla.cpp:37: error: invalid use of undefined type ‘struct Tabla’
Router.h:10: error: forward declaration of ‘struct Tabla’
Tabla.cpp: In member function ‘std::string Tabla::toString()’:
Tabla.cpp:39: error: ‘m_aMapaDestinos’ was not declared in this scope
Tabla.cpp:50: error: ‘stringStream’ was not declared in this scope
